[debug] [2023-05-05T13:35:06.821Z] ----------------------------------------------------------------------
[debug] [2023-05-05T13:35:06.823Z] Command:       C:\Program Files\nodejs\node.exe C:\Users\eklav\AppData\Roaming\npm\node_modules\firebase-tools\lib\bin\firebase.js init
[debug] [2023-05-05T13:35:06.823Z] CLI Version:   11.30.0
[debug] [2023-05-05T13:35:06.824Z] Platform:      win32
[debug] [2023-05-05T13:35:06.824Z] Node Version:  v18.13.0
[debug] [2023-05-05T13:35:06.825Z] Time:          Fri May 05 2023 19:05:06 GMT+0530 (India Standard Time)
[debug] [2023-05-05T13:35:06.825Z] ----------------------------------------------------------------------
[debug] 
[debug] [2023-05-05T13:35:06.901Z] > command requires scopes: ["email","openid","https://www.googleapis.com/auth/cloudplatformprojects.readonly","https://www.googleapis.com/auth/firebase","https://www.googleapis.com/auth/cloud-platform"]
[debug] [2023-05-05T13:35:06.902Z] > authorizing via signed-in user (eklavyabhargawa@gmail.com)
[info] 
     ######## #### ########  ######## ########     ###     ######  ########
     ##        ##  ##     ## ##       ##     ##  ##   ##  ##       ##
     ######    ##  ########  ######   ########  #########  ######  ######
     ##        ##  ##    ##  ##       ##     ## ##     ##       ## ##
     ##       #### ##     ## ######## ########  ##     ##  ######  ########

You're about to initialize a Firebase project in this directory:

  D:\Full Stack Development Course\node js project\capstone-project\twitter-clone\client\twitter-clone

Before we get started, keep in mind:

  * You are initializing within an existing Firebase project directory

[info] 
=== Project Setup
[info] 
[info] First, let's associate this project directory with a Firebase project.
[info] You can create multiple project aliases by running firebase use --add, 
[info] but for now we'll just set up a default project.
[info] 
[debug] [2023-05-05T13:35:32.480Z] Using project from CLI flag: twitter-clone-webapp
[debug] [2023-05-05T13:35:32.482Z] > refreshing access token with scopes: []
[debug] [2023-05-05T13:35:32.484Z] >>> [apiv2][query] POST https://www.googleapis.com/oauth2/v3/token [none]
[debug] [2023-05-05T13:35:32.485Z] >>> [apiv2][body] POST https://www.googleapis.com/oauth2/v3/token [omitted]
[debug] [2023-05-05T13:35:33.526Z] <<< [apiv2][status] POST https://www.googleapis.com/oauth2/v3/token 200
[debug] [2023-05-05T13:35:33.526Z] <<< [apiv2][body] POST https://www.googleapis.com/oauth2/v3/token [omitted]
[debug] [2023-05-05T13:35:33.542Z] >>> [apiv2][query] GET https://firebase.googleapis.com/v1beta1/projects/twitter-clone-webapp [none]
[debug] [2023-05-05T13:35:34.464Z] <<< [apiv2][status] GET https://firebase.googleapis.com/v1beta1/projects/twitter-clone-webapp 200
[debug] [2023-05-05T13:35:34.464Z] <<< [apiv2][body] GET https://firebase.googleapis.com/v1beta1/projects/twitter-clone-webapp {"projectId":"twitter-clone-webapp","projectNumber":"973515864549","displayName":"twitter-clone","name":"projects/twitter-clone-webapp","resources":{"hostingSite":"twitter-clone-webapp"},"state":"ACTIVE","etag":"1_26691a6d-1517-4e0f-b36e-422a701402a9"}
[info] i  Using project twitter-clone-webapp (twitter-clone) 
[info] 
=== Hosting Setup
[info] 
[info] Your public directory is the folder (relative to your project directory) that
[info] will contain Hosting assets to be uploaded with firebase deploy. If you
[info] have a build process for your assets, use your build's output directory.
[info] 
[debug] [2023-05-05T13:35:55.632Z] >>> [apiv2][query] GET https://www.gstatic.com/firebasejs/releases.json [none]
[debug] [2023-05-05T13:35:56.019Z] <<< [apiv2][status] GET https://www.gstatic.com/firebasejs/releases.json 200
[debug] [2023-05-05T13:35:56.019Z] <<< [apiv2][body] GET https://www.gstatic.com/firebasejs/releases.json {"current":{"version":"9.21.0","browserURL":"https://www.gstatic.com/firebasejs/9.21.0/firebase.js","packageURL":"https://www.gstatic.com/firebasejs/9.21.0/firebase.tgz"},"live":{"version":"9.21","browserURL":"https://www.gstatic.com/firebasejs/live/9.21/firebase.js","packageURL":"https://www.gstatic.com/firebasejs/live/9.21/firebase.tgz"},"components":{"analytics":"https://www.gstatic.com/firebasejs/9.21.0/firebase-analytics.js","app":"https://www.gstatic.com/firebasejs/9.21.0/firebase-app.js","app-check":"https://www.gstatic.com/firebasejs/9.21.0/firebase-app-check.js","auth":"https://www.gstatic.com/firebasejs/9.21.0/firebase-auth.js","auth/cordova":"https://www.gstatic.com/firebasejs/9.21.0/firebase-auth/cordova.js","auth/react-native":"https://www.gstatic.com/firebasejs/9.21.0/firebase-auth/react-native.js","functions":"https://www.gstatic.com/firebasejs/9.21.0/firebase-functions.js","firestore":"https://www.gstatic.com/firebasejs/9.21.0/firebase-firestore.js","firestore/lite":"https://www.gstatic.com/firebasejs/9.21.0/firebase-firestore/lite.js","installations":"https://www.gstatic.com/firebasejs/9.21.0/firebase-installations.js","storage":"https://www.gstatic.com/firebasejs/9.21.0/firebase-storage.js","performance":"https://www.gstatic.com/firebasejs/9.21.0/firebase-performance.js","remote-config":"https://www.gstatic.com/firebasejs/9.21.0/firebase-remote-config.js","messaging":"https://www.gstatic.com/firebasejs/9.21.0/firebase-messaging.js","messaging/sw":"https://www.gstatic.com/firebasejs/9.21.0/firebase-messaging/sw.js","database":"https://www.gstatic.com/firebasejs/9.21.0/firebase-database.js","firestore.memory":"https://www.gstatic.com/firebasejs/9.21.0/firebase-firestore.memory.js"}}
[info] i  Skipping write of build/index.html 
[info] 
[info] i  Detected a .git folder at D:\Full Stack Development Course\node js project\capstone-project\twitter-clone\client\twitter-clone 
[info] i  Authorizing with GitHub to upload your service account to a GitHub repository's secrets store. 
[info] 
[info] Visit this URL on this device to log in:
[info] https://github.com/login/oauth/authorize?client_id=89cf50f02ac6aaed3484&state=217987838&redirect_uri=http%3A%2F%2Flocalhost%3A9005&scope=read%3Auser%20repo%20public_repo
[info] 
[info] Waiting for authentication...
[debug] [2023-05-05T13:36:03.120Z] >>> [apiv2][query] POST https://github.com/login/oauth/access_token [none]
[debug] [2023-05-05T13:36:03.121Z] >>> [apiv2][body] POST https://github.com/login/oauth/access_token [stream]
[debug] [2023-05-05T13:36:03.798Z] <<< [apiv2][status] POST https://github.com/login/oauth/access_token 200
[debug] [2023-05-05T13:36:03.798Z] <<< [apiv2][body] POST https://github.com/login/oauth/access_token {"access_token":"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","token_type":"bearer","scope":"read:user,repo"}
[debug] [2023-05-05T13:36:03.806Z] >>> [apiv2][query] GET https://api.github.com/user [none]
[debug] [2023-05-05T13:36:04.437Z] <<< [apiv2][status] GET https://api.github.com/user 200
[debug] [2023-05-05T13:36:04.437Z] <<< [apiv2][body] GET https://api.github.com/user {"login":"eklavyabhargava","id":86660041,"node_id":"MDQ6VXNlcjg2NjYwMDQx","avatar_url":"https://avatars.githubusercontent.com/u/86660041?v=4","gravatar_id":"","url":"https://api.github.com/users/eklavyabhargava","html_url":"https://github.com/eklavyabhargava","followers_url":"https://api.github.com/users/eklavyabhargava/followers","following_url":"https://api.github.com/users/eklavyabhargava/following{/other_user}","gists_url":"https://api.github.com/users/eklavyabhargava/gists{/gist_id}","starred_url":"https://api.github.com/users/eklavyabhargava/starred{/owner}{/repo}","subscriptions_url":"https://api.github.com/users/eklavyabhargava/subscriptions","organizations_url":"https://api.github.com/users/eklavyabhargava/orgs","repos_url":"https://api.github.com/users/eklavyabhargava/repos","events_url":"https://api.github.com/users/eklavyabhargava/events{/privacy}","received_events_url":"https://api.github.com/users/eklavyabhargava/received_events","type":"User","site_admin":false,"name":"Eklavya Bhargava","company":null,"blog":"","location":null,"email":null,"hireable":null,"bio":"Hello, Everyone! My Name is Eklavya Bhargava. I am BCA student.","twitter_username":null,"public_repos":7,"public_gists":0,"followers":1,"following":1,"created_at":"2021-06-29T10:32:06Z","updated_at":"2023-04-30T05:00:54Z","private_gists":0,"total_private_repos":4,"owned_private_repos":4,"disk_usage":51268,"collaborators":0,"two_factor_authentication":false,"plan":{"name":"free","space":976562499,"collaborators":0,"private_repos":10000}}
[info] 
[info] +  Success! Logged into GitHub as eklavyabhargava 
[info] 
